<?xml version="1.0" encoding="UTF-8"?>
<testsuite xmlns:xsi="http://www.w3.org/2001/XMLSchema-instance" xsi:noNamespaceSchemaLocation="https://maven.apache.org/surefire/maven-surefire-plugin/xsd/surefire-test-report.xsd" name="com.epam.testservice.TestUserService" time="0.405" tests="7" errors="0" skipped="0" failures="0">
  <properties>
[...]
</properties>
  <testcase name="testAddUser" classname="com.epam.testservice.TestUserService" time="0.352"/>
  <testcase name="testGetAllUsers" classname="com.epam.testservice.TestUserService" time="0.015"/>
  <testcase name="testUpdateUser" classname="com.epam.testservice.TestUserService" time="0.008"/>
  <testcase name="testGetUser" classname="com.epam.testservice.TestUserService" time="0.008"/>
  <testcase name="testGetUserWithException" classname="com.epam.testservice.TestUserService" time="0.006"/>
  <testcase name="testUpdateUserWithException" classname="com.epam.testservice.TestUserService" time="0.007"/>
  <testcase name="testDeleteUser" classname="com.epam.testservice.TestUserService" time="0.004"/>
</testsuite>